npm verbose cli C:\Program Files\nodejs\node.exe C:\Program Files\nodejs\node_modules\npm\bin\npm-cli.js
npm info using npm@10.9.0
npm info using node@v22.11.0
npm verbose title npm install
npm verbose argv "install" "--legacy-peer-deps" "--loglevel" "verbose"
npm verbose logfile logs-max:10 dir:C:\Users\Premiersoft\AppData\Local\npm-cache\_logs\2025-01-08T17_05_28_569Z-
npm verbose logfile C:\Users\Premiersoft\AppData\Local\npm-cache\_logs\2025-01-08T17_05_28_569Z-debug-0.log
npm http fetch GET 200 https://registry.npmjs.org/browserstack-cypress-cli 880ms (cache updated)
npm http fetch GET 200 https://registry.npmjs.org/cypress 119ms (cache updated)
npm http fetch GET 200 https://registry.npmjs.org/axios 93ms (cache updated)
npm http fetch GET 200 https://registry.npmjs.org/axios-retry 178ms (cache updated)
npm http fetch GET 200 https://registry.npmjs.org/form-data 183ms (cache updated)
npm http fetch GET 200 https://registry.npmjs.org/async 186ms (cache updated)
npm http fetch GET 200 https://registry.npmjs.org/archiver 190ms (cache updated)
npm http fetch GET 200 https://registry.npmjs.org/fs-extra 227ms (cache updated)
npm http fetch GET 200 https://registry.npmjs.org/chalk 240ms (cache updated)
npm http fetch GET 200 https://registry.npmjs.org/gitconfiglocal 125ms (cache updated)
npm http fetch GET 200 https://registry.npmjs.org/mkdirp 124ms (cache updated)
npm http fetch GET 200 https://registry.npmjs.org/node-ipc 88ms (cache updated)
npm http fetch GET 200 https://registry.npmjs.org/cli-progress 323ms (cache updated)
npm http fetch GET 200 https://registry.npmjs.org/glob 145ms (cache updated)
npm http fetch GET 200 https://registry.npmjs.org/table 98ms (cache updated)
npm http fetch GET 200 https://registry.npmjs.org/winston 79ms (cache updated)
npm http fetch GET 200 https://registry.npmjs.org/windows-release 98ms (cache updated)
npm http fetch GET 200 https://registry.npmjs.org/decompress 79ms (cache updated)
npm http fetch GET 200 https://registry.npmjs.org/update-notifier 119ms (cache updated)
npm http fetch GET 200 https://registry.npmjs.org/uuid 111ms (cache updated)
npm http fetch GET 200 https://registry.npmjs.org/chalk 8ms (cache hit)
npm http fetch GET 200 https://registry.npmjs.org/mocha 265ms (cache updated)
npm http fetch GET 200 https://registry.npmjs.org/unzipper 75ms (cache updated)
npm http fetch GET 200 https://registry.npmjs.org/yargs 157ms (cache updated)
npm http fetch GET 200 https://registry.npmjs.org/tmp 83ms (cache updated)
npm http fetch GET 200 https://registry.npmjs.org/dayjs 88ms (cache updated)
npm http fetch GET 200 https://registry.npmjs.org/arch 102ms (cache updated)
npm http fetch GET 200 https://registry.npmjs.org/debug 102ms (cache updated)
npm http fetch GET 200 https://registry.npmjs.org/execa 75ms (cache updated)
npm http fetch GET 200 https://registry.npmjs.org/getos 77ms (cache updated)
npm http fetch GET 200 https://registry.npmjs.org/yauzl 107ms (cache updated)
npm http fetch GET 200 https://registry.npmjs.org/buffer 103ms (cache updated)
npm http fetch GET 200 https://registry.npmjs.org/lodash 90ms (cache updated)
npm http fetch GET 200 https://registry.npmjs.org/semver 86ms (cache updated)
npm http fetch GET 200 https://registry.npmjs.org/ospath 100ms (cache updated)
npm http fetch GET 200 https://registry.npmjs.org/listr2 134ms (cache updated)
npm http fetch GET 200 https://registry.npmjs.org/fs-extra 9ms (cache hit)
npm http fetch GET 200 https://registry.npmjs.org/figures 74ms (cache updated)
npm http fetch GET 200 https://registry.npmjs.org/process 82ms (cache updated)
npm http fetch GET 200 https://registry.npmjs.org/cachedir 69ms (cache updated)
npm http fetch GET 200 https://registry.npmjs.org/bluebird 96ms (cache updated)
npm http fetch GET 200 https://registry.npmjs.org/enquirer 92ms (cache updated)
npm http fetch GET 200 https://registry.npmjs.org/lazy-ass 67ms (cache updated)
npm http fetch GET 200 https://registry.npmjs.org/minimist 67ms (cache updated)
npm http fetch GET 200 https://registry.npmjs.org/blob-util 63ms (cache updated)
npm http fetch GET 200 https://registry.npmjs.org/commander 74ms (cache updated)
npm http fetch GET 200 https://registry.npmjs.org/tree-kill 71ms (cache updated)
npm http fetch GET 200 https://registry.npmjs.org/browserstack-local 796ms (cache updated)
npm http fetch GET 200 https://registry.npmjs.org/git-repo-info 711ms (cache updated)
npm http fetch GET 200 https://registry.npmjs.org/git-last-commit 818ms (cache updated)
npm http fetch GET 200 https://registry.npmjs.org/untildify 87ms (cache updated)
npm http fetch GET 200 https://registry.npmjs.org/cli-cursor 85ms (cache updated)
npm http fetch GET 200 https://registry.npmjs.org/cli-table3 86ms (cache updated)
npm http fetch GET 200 https://registry.npmjs.org/executable 79ms (cache updated)
npm http fetch GET 200 https://registry.npmjs.org/getmac 848ms (cache updated)
npm http fetch GET 200 https://registry.npmjs.org/common-tags 75ms (cache updated)
npm http fetch GET 200 https://registry.npmjs.org/extract-zip 74ms (cache updated)
npm http fetch GET 200 https://registry.npmjs.org/log-symbols 72ms (cache updated)
npm http fetch GET 200 https://registry.npmjs.org/pretty-bytes 76ms (cache updated)
npm http fetch GET 200 https://registry.npmjs.org/proxy-from-env 65ms (cache updated)
npm http fetch GET 200 https://registry.npmjs.org/supports-color 99ms (cache updated)
npm http fetch GET 200 https://registry.npmjs.org/@types%2fsizzle 119ms (cache updated)
npm http fetch GET 200 https://registry.npmjs.org/request-progress 75ms (cache updated)
npm http fetch GET 200 https://registry.npmjs.org/eventemitter2 112ms (cache updated)
npm http fetch GET 200 https://registry.npmjs.org/check-more-types 82ms (cache updated)
npm http fetch GET 200 https://registry.npmjs.org/is-installed-globally 79ms (cache updated)
npm http fetch GET 200 https://registry.npmjs.org/@cypress%2frequest 124ms (cache updated)
npm http fetch GET 200 https://registry.npmjs.org/@types%2fsinonjs__fake-timers 115ms (cache updated)
npm http fetch GET 200 https://registry.npmjs.org/ci-info 674ms (cache updated)
npm http fetch GET 200 https://registry.npmjs.org/@cypress%2fxvfb 1404ms (cache updated)
npm http fetch GET 200 https://registry.npmjs.org/async 18ms (cache hit)
npm http fetch GET 200 https://registry.npmjs.org/proxy-from-env 20ms (cache hit)
npm http fetch GET 200 https://registry.npmjs.org/readdir-glob 75ms (cache updated)
npm http fetch GET 200 https://registry.npmjs.org/tar-stream 82ms (cache updated)
npm http fetch GET 200 https://registry.npmjs.org/buffer-crc32 89ms (cache updated)
npm http fetch GET 200 https://registry.npmjs.org/follow-redirects 92ms (cache updated)
npm http fetch GET 200 https://registry.npmjs.org/readable-stream 99ms (cache updated)
npm http fetch GET 200 https://registry.npmjs.org/supports-color 4ms (cache hit)
npm http fetch GET 200 https://registry.npmjs.org/zip-stream 112ms (cache updated)
npm http fetch GET 200 https://registry.npmjs.org/is-retry-allowed 121ms (cache updated)
npm http fetch GET 200 https://registry.npmjs.org/agent-base 78ms (cache updated)
npm http fetch GET 200 https://registry.npmjs.org/ansi-styles 67ms (cache updated)
npm http fetch GET 200 https://registry.npmjs.org/https-proxy-agent 78ms (cache updated)
npm http fetch GET 200 https://registry.npmjs.org/@babel%2fruntime 171ms (cache updated)
npm http fetch GET 200 https://registry.npmjs.org/string-width 85ms (cache updated)
npm http fetch GET 200 https://registry.npmjs.org/decompress-tar 96ms (cache updated)
npm http fetch GET 200 https://registry.npmjs.org/decompress-targz 65ms (cache updated)
npm http fetch GET 200 https://registry.npmjs.org/decompress-tarbz2 97ms (cache updated)
npm http fetch GET 200 https://registry.npmjs.org/decompress-unzip 66ms (cache updated)
npm http fetch GET 200 https://registry.npmjs.org/make-dir 76ms (cache updated)
npm http fetch GET 200 https://registry.npmjs.org/pify 70ms (cache updated)
npm http fetch GET 200 https://registry.npmjs.org/graceful-fs 94ms (cache updated)
npm http fetch GET 200 https://registry.npmjs.org/graceful-fs 8ms (cache hit)
npm http fetch GET 200 https://registry.npmjs.org/asynckit 56ms (cache updated)
npm http fetch GET 200 https://registry.npmjs.org/strip-dirs 82ms (cache updated)
npm http fetch GET 200 https://registry.npmjs.org/mime-types 72ms (cache updated)
npm http fetch GET 200 https://registry.npmjs.org/combined-stream 93ms (cache updated)
npm http fetch GET 200 https://registry.npmjs.org/jsonfile 61ms (cache updated)
npm http fetch GET 200 https://registry.npmjs.org/universalify 77ms (cache updated)
npm http fetch GET 200 https://registry.npmjs.org/ini 63ms (cache updated)
npm http fetch GET 200 https://registry.npmjs.org/minimatch 79ms (cache updated)
npm http fetch GET 200 https://registry.npmjs.org/inflight 101ms (cache updated)
npm http fetch GET 200 https://registry.npmjs.org/inherits 100ms (cache updated)
npm http fetch GET 200 https://registry.npmjs.org/once 124ms (cache updated)
npm http fetch GET 200 https://registry.npmjs.org/fs.realpath 77ms (cache updated)
npm http fetch GET 200 https://registry.npmjs.org/glob 8ms (cache hit)
npm http fetch GET 200 https://registry.npmjs.org/debug 11ms (cache hit)
npm http fetch GET 200 https://registry.npmjs.org/path-is-absolute 91ms (cache updated)
npm http fetch GET 200 https://registry.npmjs.org/yargs 11ms (cache hit)
npm http fetch GET 200 https://registry.npmjs.org/he 58ms (cache updated)
npm http fetch GET 200 https://registry.npmjs.org/minimatch 3ms (cache hit)
npm http fetch GET 200 https://registry.npmjs.org/ms 148ms (cache updated)
npm http fetch GET 200 https://registry.npmjs.org/diff 141ms (cache updated)
npm http fetch GET 200 https://registry.npmjs.org/find-up 129ms (cache updated)
npm http fetch GET 200 https://registry.npmjs.org/js-yaml 132ms (cache updated)
npm http fetch GET 200 https://registry.npmjs.org/log-symbols 12ms (cache hit)
npm http fetch GET 200 https://registry.npmjs.org/chokidar 128ms (cache updated)
npm http fetch GET 200 https://registry.npmjs.org/ansi-colors 75ms (cache updated)
npm http fetch GET 200 https://registry.npmjs.org/browser-stdout 100ms (cache updated)
npm http fetch GET 200 https://registry.npmjs.org/strip-json-comments 92ms (cache updated)
npm http fetch GET 200 https://registry.npmjs.org/yargs-parser 117ms (cache updated)
npm http fetch GET 200 https://registry.npmjs.org/ps-tree 673ms (cache updated)
npm http fetch GET 200 https://registry.npmjs.org/archiver-utils 698ms (cache updated)
npm http fetch GET 200 https://registry.npmjs.org/temp-fs 684ms (cache updated)
npm http fetch GET 200 https://registry.npmjs.org/lodash 8ms (cache hit)
npm http fetch GET 200 https://registry.npmjs.org/escape-string-regexp 83ms (cache updated)
npm http fetch GET 200 https://registry.npmjs.org/string-width 3ms (cache hit)
npm http fetch GET 200 https://registry.npmjs.org/bluebird 6ms (cache hit)
npm http fetch GET 200 https://registry.npmjs.org/event-pubsub 59ms (cache updated)
npm http fetch GET 200 https://registry.npmjs.org/js-message 82ms (cache updated)
npm http fetch GET 200 https://registry.npmjs.org/serialize-javascript 97ms (cache updated)
npm http fetch GET 200 https://registry.npmjs.org/@types%2fnode 504ms (cache updated)
npm http fetch GET 200 https://registry.npmjs.org/js-queue 188ms (cache updated)
npm http fetch GET 200 https://registry.npmjs.org/is-running 777ms (cache updated)
npm http fetch GET 200 https://registry.npmjs.org/duplexer2 132ms (cache updated)
npm http fetch GET 200 https://registry.npmjs.org/node-int64 110ms (cache updated)
npm http fetch GET 200 https://registry.npmjs.org/slice-ansi 151ms (cache updated)
npm http fetch GET 200 https://registry.npmjs.org/semver 9ms (cache hit)
npm http fetch GET 200 https://registry.npmjs.org/ajv 179ms (cache updated)
npm http fetch GET 200 https://registry.npmjs.org/pupa 144ms (cache updated)
npm http fetch GET 200 https://registry.npmjs.org/boxen 145ms (cache updated)
npm http fetch GET 200 https://registry.npmjs.org/is-installed-globally 6ms (cache hit)
npm http fetch GET 200 https://registry.npmjs.org/execa 12ms (cache hit)
npm http fetch GET 200 https://registry.npmjs.org/import-lazy 72ms (cache updated)
npm http fetch GET 200 https://registry.npmjs.org/is-npm 87ms (cache updated)
npm http fetch GET 200 https://registry.npmjs.org/configstore 83ms (cache updated)
npm http fetch GET 200 https://registry.npmjs.org/xdg-basedir 78ms (cache updated)
npm http fetch GET 200 https://registry.npmjs.org/latest-version 65ms (cache updated)
npm http fetch GET 200 https://registry.npmjs.org/semver-diff 92ms (cache updated)
npm http fetch GET 200 https://registry.npmjs.org/find-up 3ms (cache hit)
npm http fetch GET 200 https://registry.npmjs.org/eyes 94ms (cache updated)
npm http fetch GET 200 https://registry.npmjs.org/colors 78ms (cache updated)
npm http fetch GET 200 https://registry.npmjs.org/y18n 68ms (cache updated)
npm http fetch GET 200 https://registry.npmjs.org/isstream 79ms (cache updated)
npm http fetch GET 200 https://registry.npmjs.org/cliui 76ms (cache updated)
npm http fetch GET 200 https://registry.npmjs.org/yargs-parser 12ms (cache hit)
npm http fetch GET 200 https://registry.npmjs.org/cycle 103ms (cache updated)
npm http fetch GET 200 https://registry.npmjs.org/decamelize 72ms (cache updated)
npm http fetch GET 200 https://registry.npmjs.org/stack-trace 99ms (cache updated)
npm http fetch GET 200 https://registry.npmjs.org/set-blocking 81ms (cache updated)
npm http fetch GET 200 https://registry.npmjs.org/get-caller-file 76ms (cache updated)
npm http fetch GET 200 https://registry.npmjs.org/require-main-filename 70ms (cache updated)
npm http fetch GET 200 https://registry.npmjs.org/which-module 98ms (cache updated)
npm http fetch GET 200 https://registry.npmjs.org/require-directory 89ms (cache updated)
npm http fetch GET 200 https://registry.npmjs.org/workerpool 702ms (cache updated)
npm http fetch GET 200 https://registry.npmjs.org/yargs-unparser 752ms (cache updated)
npm http fetch GET 200 https://registry.npmjs.org/is-in-ci 719ms (cache updated)
npm http fetch GET 200 https://registry.npmjs.org/readable-stream 15ms (cache hit)
npm http fetch GET 200 https://registry.npmjs.org/inherits 19ms (cache hit)
npm http fetch GET 200 https://registry.npmjs.org/lodash.defaults 67ms (cache updated)
npm http fetch GET 200 https://registry.npmjs.org/lazystream 82ms (cache updated)
npm http fetch GET 200 https://registry.npmjs.org/util-deprecate 81ms (cache updated)
npm http fetch GET 200 https://registry.npmjs.org/lodash.isplainobject 87ms (cache updated)
npm http fetch GET 200 https://registry.npmjs.org/bl 73ms (cache updated)
npm http fetch GET 200 https://registry.npmjs.org/archiver-utils 13ms (cache hit)
npm http fetch GET 200 https://registry.npmjs.org/end-of-stream 75ms (cache updated)
npm http fetch GET 200 https://registry.npmjs.org/lodash.difference 96ms (cache updated)
npm http fetch GET 200 https://registry.npmjs.org/string_decoder 96ms (cache updated)
npm http fetch GET 200 https://registry.npmjs.org/normalize-path 99ms (cache updated)
npm http fetch GET 200 https://registry.npmjs.org/fs-constants 92ms (cache updated)
npm http fetch GET 200 https://registry.npmjs.org/lodash.union 707ms (cache updated)
npm http fetch GET 200 https://registry.npmjs.org/lodash.flatten 731ms (cache updated)
npm http fetch GET 200 https://registry.npmjs.org/compress-commons 734ms (cache updated)
npm http fetch GET 200 https://registry.npmjs.org/util-deprecate 7ms (cache hit)
npm http fetch GET 200 https://registry.npmjs.org/string_decoder 8ms (cache hit)
npm http fetch GET 200 https://registry.npmjs.org/isarray 67ms (cache updated)
npm http fetch GET 200 https://registry.npmjs.org/safe-buffer 68ms (cache updated)
npm http fetch GET 200 https://registry.npmjs.org/core-util-is 93ms (cache updated)
npm http fetch GET 200 https://registry.npmjs.org/process-nextick-args 92ms (cache updated)
npm http fetch GET 200 https://registry.npmjs.org/regenerator-runtime 76ms (cache updated)
npm http fetch GET 200 https://registry.npmjs.org/event-stream 81ms (cache updated)
npm http fetch GET 200 https://registry.npmjs.org/rimraf 90ms (cache updated)
npm http fetch GET 200 https://registry.npmjs.org/color-convert 108ms (cache updated)
npm http fetch GET 200 https://registry.npmjs.org/has-flag 132ms (cache updated)
npm http fetch GET 200 https://registry.npmjs.org/color-name 107ms (cache updated)
npm http fetch GET 200 https://registry.npmjs.org/is-fullwidth-code-point 67ms (cache updated)
npm http fetch GET 200 https://registry.npmjs.org/emoji-regex 68ms (cache updated)
npm http fetch GET 200 https://registry.npmjs.org/strip-ansi 75ms (cache updated)
npm http fetch GET 200 https://registry.npmjs.org/combined-stream 14ms (cache hit)
npm http fetch GET 200 https://registry.npmjs.org/isstream 16ms (cache hit)
npm http fetch GET 200 https://registry.npmjs.org/mime-types 17ms (cache hit)
npm http fetch GET 200 https://registry.npmjs.org/safe-buffer 5ms (cache hit)
npm http fetch GET 200 https://registry.npmjs.org/is-typedarray 67ms (cache updated)
npm http fetch GET 200 https://registry.npmjs.org/aws-sign2 90ms (cache updated)
npm http fetch GET 200 https://registry.npmjs.org/forever-agent 91ms (cache updated)
npm http fetch GET 200 https://registry.npmjs.org/performance-now 79ms (cache updated)
npm http fetch GET 200 https://registry.npmjs.org/caseless 97ms (cache updated)
npm http fetch GET 200 https://registry.npmjs.org/tough-cookie 74ms (cache updated)
npm http fetch GET 200 https://registry.npmjs.org/http-signature 99ms (cache updated)
npm http fetch GET 200 https://registry.npmjs.org/json-stringify-safe 100ms (cache updated)
npm http fetch GET 200 https://registry.npmjs.org/extend 102ms (cache updated)
npm http fetch GET 200 https://registry.npmjs.org/qs 91ms (cache updated)
npm http fetch GET 200 https://registry.npmjs.org/ansi-colors 13ms (cache hit)
npm http fetch GET 200 https://registry.npmjs.org/aws4 116ms (cache updated)
npm http fetch GET 200 https://registry.npmjs.org/tunnel-agent 91ms (cache updated)
npm http fetch GET 200 https://registry.npmjs.org/ieee754 66ms (cache updated)
npm http fetch GET 200 https://registry.npmjs.org/lodash.once 77ms (cache updated)
npm http fetch GET 200 https://registry.npmjs.org/restore-cursor 75ms (cache updated)
npm http fetch GET 200 https://registry.npmjs.org/is-stream 77ms (cache updated)
npm http fetch GET 200 https://registry.npmjs.org/base64-js 90ms (cache updated)
npm http fetch GET 200 https://registry.npmjs.org/signal-exit 69ms (cache updated)
npm http fetch GET 200 https://registry.npmjs.org/onetime 88ms (cache updated)
npm http fetch GET 200 https://registry.npmjs.org/get-stream 81ms (cache updated)
npm http fetch GET 200 https://registry.npmjs.org/pify 13ms (cache hit)
npm http fetch GET 200 https://registry.npmjs.org/escape-string-regexp 10ms (cache hit)
npm http fetch GET 200 https://registry.npmjs.org/@colors%2fcolors 102ms (cache updated)
npm http fetch GET 200 https://registry.npmjs.org/jsonfile 10ms (cache hit)
npm http fetch GET 200 https://registry.npmjs.org/universalify 8ms (cache hit)
npm http fetch GET 200 https://registry.npmjs.org/cross-spawn 113ms (cache updated)
npm http fetch GET 200 https://registry.npmjs.org/human-signals 66ms (cache updated)
npm http fetch GET 200 https://registry.npmjs.org/npm-run-path 80ms (cache updated)
npm http fetch GET 200 https://registry.npmjs.org/strip-final-newline 70ms (cache updated)
npm http fetch GET 200 https://registry.npmjs.org/get-stream 66ms (cache updated)
npm http fetch GET 200 https://registry.npmjs.org/global-dirs 57ms (cache updated)
npm http fetch GET 200 https://registry.npmjs.org/merge-stream 104ms (cache updated)
npm http fetch GET 200 https://registry.npmjs.org/is-path-inside 68ms (cache updated)
npm http fetch GET 200 https://registry.npmjs.org/rfdc 68ms (cache updated)
npm http fetch GET 200 https://registry.npmjs.org/at-least-node 89ms (cache updated)
npm http fetch GET 200 https://registry.npmjs.org/p-map 61ms (cache updated)
npm http fetch GET 200 https://registry.npmjs.org/wrap-ansi 60ms (cache updated)
npm http fetch GET 200 https://registry.npmjs.org/log-update 72ms (cache updated)
npm http fetch GET 200 https://registry.npmjs.org/cli-truncate 81ms (cache updated)
npm http fetch GET 200 https://registry.npmjs.org/colorette 103ms (cache updated)
npm http fetch GET 200 https://registry.npmjs.org/throttleit 76ms (cache updated)
npm http fetch GET 200 https://registry.npmjs.org/rxjs 121ms (cache updated)
npm http fetch GET 200 https://registry.npmjs.org/through 115ms (cache updated)
npm http fetch GET 200 https://registry.npmjs.org/fd-slicer 73ms (cache updated)
npm http fetch GET 200 https://registry.npmjs.org/is-unicode-supported 92ms (cache updated)
npm http fetch GET 200 https://registry.npmjs.org/@types%2fyauzl 1358ms (cache updated)
npm http fetch GET 200 https://registry.npmjs.org/sshpk 69ms (cache updated)
npm http fetch GET 200 https://registry.npmjs.org/delayed-stream 80ms (cache updated)
npm http fetch GET 200 https://registry.npmjs.org/side-channel 81ms (cache updated)
npm http fetch GET 200 https://registry.npmjs.org/assert-plus 96ms (cache updated)
npm http fetch GET 200 https://registry.npmjs.org/mime-db 128ms (cache updated)
npm http fetch GET 200 https://registry.npmjs.org/tldts 165ms (cache updated)
npm http fetch GET 200 https://registry.npmjs.org/jsprim 705ms (cache updated)
npm http fetch GET 200 https://registry.npmjs.org/ms 5ms (cache hit)
npm http fetch GET 200 https://registry.npmjs.org/is-stream 12ms (cache hit)
npm http fetch GET 200 https://registry.npmjs.org/is-stream 13ms (cache hit)
npm http fetch GET 200 https://registry.npmjs.org/is-stream 13ms (cache hit)
npm http fetch GET 200 https://registry.npmjs.org/get-stream 15ms (cache hit)
npm http fetch GET 200 https://registry.npmjs.org/tar-stream 16ms (cache hit)
npm http fetch GET 200 https://registry.npmjs.org/unbzip2-stream 74ms (cache updated)
npm http fetch GET 200 https://registry.npmjs.org/is-natural-number 74ms (cache updated)
npm http fetch GET 200 https://registry.npmjs.org/file-type 87ms (cache updated)
npm http fetch GET 200 https://registry.npmjs.org/file-type 107ms (cache updated)
npm http fetch GET 200 https://registry.npmjs.org/file-type 109ms (cache updated)
npm http fetch GET 200 https://registry.npmjs.org/file-type 117ms (cache updated)
npm http fetch GET 200 https://registry.npmjs.org/seek-bzip 126ms (cache updated)
npm http fetch GET 200 https://registry.npmjs.org/end-of-stream 10ms (cache hit)
npm http fetch GET 200 https://registry.npmjs.org/bl 11ms (cache hit)
npm http fetch GET 200 https://registry.npmjs.org/to-buffer 61ms (cache updated)
npm http fetch GET 200 https://registry.npmjs.org/buffer-alloc 77ms (cache updated)
npm http fetch GET 200 https://registry.npmjs.org/xtend 112ms (cache updated)
npm http fetch GET 200 https://registry.npmjs.org/commander 5ms (cache hit)
npm http fetch GET 200 https://registry.npmjs.org/pinkie-promise 76ms (cache updated)
npm http fetch GET 200 https://registry.npmjs.org/object-assign 77ms (cache updated)
npm http fetch GET 200 https://registry.npmjs.org/ansi-regex 82ms (cache updated)
npm http fetch GET 200 https://registry.npmjs.org/path-key 68ms (cache updated)
npm http fetch GET 200 https://registry.npmjs.org/which 70ms (cache updated)
npm http fetch GET 200 https://registry.npmjs.org/mimic-fn 70ms (cache updated)
npm http fetch GET 200 https://registry.npmjs.org/path-key 75ms (cache updated)
npm http fetch GET 200 https://registry.npmjs.org/pump 79ms (cache updated)
npm http fetch GET 200 https://registry.npmjs.org/shebang-command 139ms (cache updated)
npm http fetch GET 200 https://registry.npmjs.org/shebang-regex 75ms (cache updated)
npm http fetch GET 200 https://registry.npmjs.org/isexe 85ms (cache updated)
npm http fetch GET 200 https://registry.npmjs.org/@types%2fnode 19ms (cache hit)
npm http fetch GET 200 https://registry.npmjs.org/undici-types 81ms (cache updated)
npm http fetch GET 200 https://registry.npmjs.org/pinkie 70ms (cache updated)
npm http fetch GET 200 https://registry.npmjs.org/wrappy 102ms (cache updated)
npm http fetch GET 200 https://registry.npmjs.org/wrappy 103ms (cache updated)
npm http fetch GET 200 https://registry.npmjs.org/brace-expansion 112ms (cache updated)
npm http fetch GET 200 https://registry.npmjs.org/ecc-jsbn 80ms (cache updated)
npm http fetch GET 200 https://registry.npmjs.org/jsbn 85ms (cache updated)
npm http fetch GET 200 https://registry.npmjs.org/json-schema 86ms (cache updated)
npm http fetch GET 200 https://registry.npmjs.org/asn1 86ms (cache updated)
npm http fetch GET 200 https://registry.npmjs.org/safer-buffer 86ms (cache updated)
npm http fetch GET 200 https://registry.npmjs.org/bcrypt-pbkdf 87ms (cache updated)
npm http fetch GET 200 https://registry.npmjs.org/verror 89ms (cache updated)
npm http fetch GET 200 https://registry.npmjs.org/extsprintf 90ms (cache updated)
npm http fetch GET 200 https://registry.npmjs.org/dashdash 91ms (cache updated)
npm http fetch GET 200 https://registry.npmjs.org/tweetnacl 102ms (cache updated)
npm http fetch GET 200 https://registry.npmjs.org/getpass 122ms (cache updated)
npm http fetch GET 200 https://registry.npmjs.org/ini 6ms (cache hit)
npm http fetch GET 200 https://registry.npmjs.org/core-util-is 3ms (cache hit)
npm http fetch GET 200 https://registry.npmjs.org/slice-ansi 21ms (cache hit)
npm http fetch GET 200 https://registry.npmjs.org/slice-ansi 21ms (cache hit)
npm http fetch GET 200 https://registry.npmjs.org/wrap-ansi 23ms (cache hit)
npm http fetch GET 200 https://registry.npmjs.org/aggregate-error 79ms (cache updated)
npm http fetch GET 200 https://registry.npmjs.org/tslib 81ms (cache updated)
npm http fetch GET 200 https://registry.npmjs.org/ansi-escapes 90ms (cache updated)
npm http fetch GET 200 https://registry.npmjs.org/astral-regex 74ms (cache updated)
npm http fetch GET 200 https://registry.npmjs.org/type-fest 82ms (cache updated)
npm http fetch GET 200 https://registry.npmjs.org/concat-map 73ms (cache updated)
npm http fetch GET 200 https://registry.npmjs.org/balanced-match 74ms (cache updated)
npm http fetch GET 200 https://registry.npmjs.org/brace-expansion 12ms (cache hit)
npm http fetch GET 200 https://registry.npmjs.org/locate-path 64ms (cache updated)
npm http fetch GET 200 https://registry.npmjs.org/is-glob 70ms (cache updated)
npm http fetch GET 200 https://registry.npmjs.org/y18n 8ms (cache hit)
npm http fetch GET 200 https://registry.npmjs.org/path-exists 72ms (cache updated)
npm http fetch GET 200 https://registry.npmjs.org/argparse 74ms (cache updated)
npm http fetch GET 200 https://registry.npmjs.org/cliui 14ms (cache hit)
npm http fetch GET 200 https://registry.npmjs.org/get-caller-file 14ms (cache hit)
npm http fetch GET 200 https://registry.npmjs.org/glob-parent 89ms (cache updated)
npm http fetch GET 200 https://registry.npmjs.org/anymatch 90ms (cache updated)
npm http fetch GET 200 https://registry.npmjs.org/randombytes 76ms (cache updated)
npm http fetch GET 200 https://registry.npmjs.org/braces 92ms (cache updated)
npm http fetch GET 200 https://registry.npmjs.org/fsevents 95ms (cache updated)
npm http fetch GET 200 https://registry.npmjs.org/decamelize 11ms (cache hit)
npm http fetch GET 200 https://registry.npmjs.org/readdirp 104ms (cache updated)
npm http fetch GET 200 https://registry.npmjs.org/is-binary-path 125ms (cache updated)
npm http fetch GET 200 https://registry.npmjs.org/flat 66ms (cache updated)
npm http fetch GET 200 https://registry.npmjs.org/escalade 86ms (cache updated)
npm http fetch GET 200 https://registry.npmjs.org/camelcase 85ms (cache updated)
npm http fetch GET 200 https://registry.npmjs.org/is-plain-obj 73ms (cache updated)
npm http fetch GET 200 https://registry.npmjs.org/is-glob 7ms (cache hit)
npm http fetch GET 200 https://registry.npmjs.org/is-extglob 75ms (cache updated)
npm http fetch GET 200 https://registry.npmjs.org/binary-extensions 76ms (cache updated)
npm http fetch GET 200 https://registry.npmjs.org/fill-range 84ms (cache updated)
npm http fetch GET 200 https://registry.npmjs.org/picomatch 85ms (cache updated)
npm http fetch GET 200 https://registry.npmjs.org/picomatch 110ms (cache updated)
npm http fetch GET 200 https://registry.npmjs.org/to-regex-range 75ms (cache updated)
npm http fetch GET 200 https://registry.npmjs.org/is-number 124ms (cache updated)
npm http fetch GET 200 https://registry.npmjs.org/p-locate 142ms (cache updated)
npm http fetch GET 200 https://registry.npmjs.org/p-limit 69ms (cache updated)
npm http fetch GET 200 https://registry.npmjs.org/easy-stack 76ms (cache updated)
npm http fetch GET 200 https://registry.npmjs.org/yocto-queue 80ms (cache updated)
npm http fetch GET 200 https://registry.npmjs.org/clean-stack 76ms (cache updated)
npm http fetch GET 200 https://registry.npmjs.org/indent-string 80ms (cache updated)
npm http fetch GET 200 https://registry.npmjs.org/map-stream 70ms (cache updated)
npm http fetch GET 200 https://registry.npmjs.org/duplexer 86ms (cache updated)
npm http fetch GET 200 https://registry.npmjs.org/split 85ms (cache updated)
npm http fetch GET 200 https://registry.npmjs.org/pause-stream 104ms (cache updated)
npm http fetch GET 200 https://registry.npmjs.org/from 105ms (cache updated)
npm http fetch GET 200 https://registry.npmjs.org/stream-combiner 105ms (cache updated)
npm http fetch GET 200 https://registry.npmjs.org/side-channel-map 59ms (cache updated)
npm http fetch GET 200 https://registry.npmjs.org/side-channel-weakmap 61ms (cache updated)
npm http fetch GET 200 https://registry.npmjs.org/side-channel-list 61ms (cache updated)
npm http fetch GET 200 https://registry.npmjs.org/es-errors 68ms (cache updated)
npm http fetch GET 200 https://registry.npmjs.org/object-inspect 85ms (cache updated)
npm http fetch GET 200 https://registry.npmjs.org/call-bound 88ms (cache updated)
npm http fetch GET 200 https://registry.npmjs.org/call-bound 89ms (cache updated)
npm http fetch GET 200 https://registry.npmjs.org/get-intrinsic 101ms (cache updated)
npm http fetch GET 200 https://registry.npmjs.org/get-intrinsic 108ms (cache updated)
npm http fetch GET 200 https://registry.npmjs.org/get-intrinsic 12ms (cache hit)
npm http fetch GET 200 https://registry.npmjs.org/call-bind-apply-helpers 70ms (cache updated)
npm http fetch GET 200 https://registry.npmjs.org/get-proto 70ms (cache updated)
npm http fetch GET 200 https://registry.npmjs.org/es-define-property 72ms (cache updated)
npm http fetch GET 200 https://registry.npmjs.org/has-symbols 74ms (cache updated)
npm http fetch GET 200 https://registry.npmjs.org/es-object-atoms 76ms (cache updated)
npm http fetch GET 200 https://registry.npmjs.org/function-bind 77ms (cache updated)
npm http fetch GET 200 https://registry.npmjs.org/gopd 78ms (cache updated)
npm http fetch GET 200 https://registry.npmjs.org/call-bind-apply-helpers 80ms (cache updated)
npm http fetch GET 200 https://registry.npmjs.org/math-intrinsics 80ms (cache updated)
npm http fetch GET 200 https://registry.npmjs.org/hasown 82ms (cache updated)
npm http fetch GET 200 https://registry.npmjs.org/dunder-proto 79ms (cache updated)
npm http fetch GET 200 https://registry.npmjs.org/tweetnacl 43ms (cache hit)
npm http fetch GET 200 https://registry.npmjs.org/safer-buffer 46ms (cache hit)
npm http fetch GET 200 https://registry.npmjs.org/safer-buffer 46ms (cache hit)
npm http fetch GET 200 https://registry.npmjs.org/ansi-styles 12ms (cache hit)
npm http fetch GET 200 https://registry.npmjs.org/astral-regex 13ms (cache hit)
npm http fetch GET 200 https://registry.npmjs.org/is-fullwidth-code-point 12ms (cache hit)
npm http fetch GET 200 https://registry.npmjs.org/strip-ansi 13ms (cache hit)
npm http fetch GET 200 https://registry.npmjs.org/emoji-regex 14ms (cache hit)
npm http fetch GET 200 https://registry.npmjs.org/is-fullwidth-code-point 14ms (cache hit)
npm http fetch GET 200 https://registry.npmjs.org/fast-deep-equal 81ms (cache updated)
npm http fetch GET 200 https://registry.npmjs.org/json-schema-traverse 82ms (cache updated)
npm http fetch GET 200 https://registry.npmjs.org/fast-json-stable-stringify 82ms (cache updated)
npm http fetch GET 200 https://registry.npmjs.org/uri-js 85ms (cache updated)
npm http fetch GET 200 https://registry.npmjs.org/punycode 66ms (cache updated)
npm http fetch GET 200 https://registry.npmjs.org/tldts-core 192ms (cache updated)
npm http fetch GET 200 https://registry.npmjs.org/type-fest 13ms (cache hit)
npm http fetch GET 200 https://registry.npmjs.org/camelcase 17ms (cache hit)
npm http fetch GET 200 https://registry.npmjs.org/xdg-basedir 18ms (cache hit)
npm http fetch GET 200 https://registry.npmjs.org/unique-string 63ms (cache updated)
npm http fetch GET 200 https://registry.npmjs.org/widest-line 73ms (cache updated)
npm http fetch GET 200 https://registry.npmjs.org/package-json 73ms (cache updated)
npm http fetch GET 200 https://registry.npmjs.org/escape-goat 75ms (cache updated)
npm http fetch GET 200 https://registry.npmjs.org/write-file-atomic 133ms (cache updated)
npm http fetch GET 200 https://registry.npmjs.org/cli-boxes 136ms (cache updated)
npm http fetch GET 200 https://registry.npmjs.org/dot-prop 139ms (cache updated)
npm http fetch GET 200 https://registry.npmjs.org/ansi-align 143ms (cache updated)
npm http fetch GET 200 https://registry.npmjs.org/eastasianwidth 79ms (cache updated)
npm http fetch GET 200 https://registry.npmjs.org/imurmurhash 65ms (cache updated)
npm http fetch GET 200 https://registry.npmjs.org/crypto-random-string 66ms (cache updated)
npm http fetch GET 200 https://registry.npmjs.org/typedarray-to-buffer 69ms (cache updated)
npm http fetch GET 200 https://registry.npmjs.org/is-obj 75ms (cache updated)
npm http fetch GET 200 https://registry.npmjs.org/registry-url 76ms (cache updated)
npm http fetch GET 200 https://registry.npmjs.org/registry-auth-token 84ms (cache updated)
npm http fetch GET 200 https://registry.npmjs.org/got 90ms (cache updated)
npm http fetch GET 200 https://registry.npmjs.org/lowercase-keys 73ms (cache updated)
npm http fetch GET 200 https://registry.npmjs.org/http2-wrapper 78ms (cache updated)
npm http fetch GET 200 https://registry.npmjs.org/cacheable-request 80ms (cache updated)
npm http fetch GET 200 https://registry.npmjs.org/responselike 85ms (cache updated)
npm http fetch GET 200 https://registry.npmjs.org/form-data-encoder 86ms (cache updated)
npm http fetch GET 200 https://registry.npmjs.org/decompress-response 90ms (cache updated)
npm http fetch GET 200 https://registry.npmjs.org/cacheable-lookup 93ms (cache updated)
npm http fetch GET 200 https://registry.npmjs.org/p-cancelable 100ms (cache updated)
npm http fetch GET 200 https://registry.npmjs.org/@szmarczak%2fhttp-timer 104ms (cache updated)
npm http fetch GET 200 https://registry.npmjs.org/@sindresorhus%2fis 106ms (cache updated)
npm http fetch GET 200 https://registry.npmjs.org/@pnpm%2fnpm-conf 108ms (cache updated)
npm http fetch GET 200 https://registry.npmjs.org/rc 58ms (cache updated)
npm http fetch GET 200 https://registry.npmjs.org/defer-to-connect 70ms (cache updated)
npm http fetch GET 200 https://registry.npmjs.org/mimic-response 70ms (cache updated)
npm http fetch GET 200 https://registry.npmjs.org/http-cache-semantics 71ms (cache updated)
npm http fetch GET 200 https://registry.npmjs.org/resolve-alpn 73ms (cache updated)
npm http fetch GET 200 https://registry.npmjs.org/keyv 80ms (cache updated)
npm http fetch GET 200 https://registry.npmjs.org/normalize-url 84ms (cache updated)
npm http fetch GET 200 https://registry.npmjs.org/mimic-response 87ms (cache updated)
npm http fetch GET 200 https://registry.npmjs.org/quick-lru 88ms (cache updated)
npm http fetch GET 200 https://registry.npmjs.org/@types%2fhttp-cache-semantics 124ms (cache updated)
npm http fetch GET 200 https://registry.npmjs.org/json-buffer 84ms (cache updated)
npm http fetch GET 200 https://registry.npmjs.org/config-chain 71ms (cache updated)
npm http fetch GET 200 https://registry.npmjs.org/@pnpm%2fconfig.env-replace 89ms (cache updated)
npm http fetch GET 200 https://registry.npmjs.org/@pnpm%2fnetwork.ca-file 90ms (cache updated)
npm http fetch GET 200 https://registry.npmjs.org/proto-list 89ms (cache updated)
npm http fetch GET 200 https://registry.npmjs.org/strip-json-comments 7ms (cache hit)
npm http fetch GET 200 https://registry.npmjs.org/deep-extend 83ms (cache updated)
npm http fetch GET 200 https://registry.npmjs.org/human-signals 5ms (cache hit)
npm http fetch GET 200 https://registry.npmjs.org/locate-path 5ms (cache hit)
npm http fetch GET 200 https://registry.npmjs.org/ansi-regex 4ms (cache hit)
npm http fetch GET 200 https://registry.npmjs.org/pend 74ms (cache updated)
npm http fetch GET 200 https://registry.npmjs.org/crc32-stream 83ms (cache updated)
npm http fetch GET 200 https://registry.npmjs.org/crc-32 62ms (cache updated)
npm http fetch GET 200 https://registry.npmjs.org/color-convert 5ms (cache hit)
npm http fetch GET 200 https://registry.npmjs.org/color-name 3ms (cache hit)
npm http fetch GET 200 https://registry.npmjs.org/buffer-alloc-unsafe 80ms (cache updated)
npm http fetch GET 200 https://registry.npmjs.org/buffer-fill 81ms (cache updated)
npm http fetch GET 200 https://registry.npmjs.org/p-locate 4ms (cache hit)
npm http fetch GET 200 https://registry.npmjs.org/path-exists 5ms (cache hit)
npm http fetch GET 200 https://registry.npmjs.org/p-limit 2ms (cache hit)
npm http fetch GET 200 https://registry.npmjs.org/p-try 84ms (cache updated)
npm verbose reify failed optional dependency C:\Users\Premiersoft\Desktop\Elaine - Academy\automacao2\tmpBstackPackages\node_modules\fsevents
npm http fetch POST 200 https://registry.npmjs.org/-/npm/v1/security/advisories/bulk 410ms
npm warn deprecated inflight@1.0.6: This module is not supported, and leaks memory. Do not use it. Check out lru-cache if you want a good and tested way to coalesce async requests by a key value, which is much more comprehensive and powerful.
npm warn deprecated rimraf@2.5.4: Rimraf versions prior to v4 are no longer supported
npm warn deprecated glob@7.2.3: Glob versions prior to v9 are no longer supported
npm warn deprecated glob@8.1.0: Glob versions prior to v9 are no longer supported
npm info run cypress@13.17.0 postinstall node_modules/cypress node index.js --exec install
npm info run cypress@13.17.0 postinstall { code: 0, signal: null }

added 466 packages, and audited 467 packages in 19s

96 packages are looking for funding
  run `npm fund` for details

found 0 vulnerabilities
npm verbose cwd C:\Users\Premiersoft\Desktop\Elaine - Academy\automacao2\tmpBstackPackages
npm verbose os Windows_NT 10.0.22631
npm verbose node v22.11.0
npm verbose npm  v10.9.0
npm verbose exit 0
npm info ok
